<?xml version="1.0" encoding="UTF-8"?>
<!-- Generated by org.testng.reporters.JUnitXMLReporter -->
<testsuite ignored="0" hostname="DESKTOP-TC2CQPC" failures="1" tests="2" name="Test" time="19.475" errors="0" timestamp="2023-05-26T20:45:32 IST">
  <testcase classname="Runner_Scripts.TestScript1" name="test1" time="3.528">
    <failure type="java.lang.AssertionError" message="null">
      <![CDATA[java.lang.AssertionError: null
at Runner_Scripts.TestScript1.test1(TestScript1.java:28)
at java.base/java.util.ArrayList.forEach(ArrayList.java:1511)
... Removed 29 stack frames]]>
    </failure>
  </testcase> <!-- test1 -->
  <testcase classname="Runner_Scripts.TestScript1" name="test2" time="4.524"/>
</testsuite> <!-- Test -->
